fester/build/app/intermediates/manifest_merge_blame_file/release/processReleaseMainManifest/manifest-merger-blame-release-report.txt
1<?xml version="1.0" encoding="utf-8"?>
2<manifest xmlns:android="http://schemas.android.com/apk/res/android"
3    package="com.example.fester"
4    android:versionCode="1"
5    android:versionName="1.0.0" >
6
7    <uses-sdk
8        android:minSdkVersion="21"
9        android:targetSdkVersion="35" />
10    <!--
11         Required to query activities that can process text, see:
12         https://developer.android.com/training/package-visibility and
13         https://developer.android.com/reference/android/content/Intent#ACTION_PROCESS_TEXT.
14
15         In particular, this is used by the Flutter engine in io.flutter.plugin.text.ProcessTextPlugin.
16    -->
17    <queries>
17-->src\main\AndroidManifest.xml:39:5-44:15
18        <intent>
18-->src\main\AndroidManifest.xml:40:9-43:18
19            <action android:name="android.intent.action.PROCESS_TEXT" />
19-->src\main\AndroidManifest.xml:41:13-72
19-->src\main\AndroidManifest.xml:41:21-70
20
21            <data android:mimeType="text/plain" />
21-->src\main\AndroidManifest.xml:42:13-50
21-->src\main\AndroidManifest.xml:42:19-48
22        </intent>
23        <!-- Needs to be explicitly declared on Android R+ -->
24        <package android:name="com.google.android.apps.maps" />
24-->[com.google.android.gms:play-services-maps:19.2.0] AndroidManifest.xml:29:7-61
24-->[com.google.android.gms:play-services-maps:19.2.0] AndroidManifest.xml:29:16-59
25    </queries>
26
27    <uses-permission android:name="android.permission.CAMERA" />
27-->[:mobile_scanner] AndroidManifest.xml:7:5-65
27-->[:mobile_scanner] AndroidManifest.xml:7:22-62
28
29    <uses-feature
29-->[:mobile_scanner] AndroidManifest.xml:9:5-11:36
30        android:name="android.hardware.camera"
30-->[:mobile_scanner] AndroidManifest.xml:10:9-47
31        android:required="false" />
31-->[:mobile_scanner] AndroidManifest.xml:11:9-33
32
33    <uses-permission android:name="android.permission.VIBRATE" />
33-->[:flutter_local_notifications] AndroidManifest.xml:7:5-66
33-->[:flutter_local_notifications] AndroidManifest.xml:7:22-63
34    <uses-permission android:name="android.permission.POST_NOTIFICATIONS" /> <!-- Include required permissions for Google Maps API to run. -->
34-->[:flutter_local_notifications] AndroidManifest.xml:8:5-77
34-->[:flutter_local_notifications] AndroidManifest.xml:8:22-74
35    <uses-permission android:name="android.permission.ACCESS_NETWORK_STATE" />
35-->[com.google.android.gms:play-services-maps:19.2.0] AndroidManifest.xml:20:5-78
35-->[com.google.android.gms:play-services-maps:19.2.0] AndroidManifest.xml:20:22-76
36    <uses-permission android:name="android.permission.INTERNET" />
36-->[com.google.android.gms:play-services-maps:19.2.0] AndroidManifest.xml:21:5-66
36-->[com.google.android.gms:play-services-maps:19.2.0] AndroidManifest.xml:21:22-64
37
38    <uses-feature
38-->[com.google.android.gms:play-services-maps:19.2.0] AndroidManifest.xml:22:5-24:33
39        android:glEsVersion="0x00020000"
39-->[com.google.android.gms:play-services-maps:19.2.0] AndroidManifest.xml:23:8-40
40        android:required="true" />
40-->[com.google.android.gms:play-services-maps:19.2.0] AndroidManifest.xml:24:8-31
41
42    <permission
42-->[androidx.core:core:1.13.1] AndroidManifest.xml:22:5-24:47
43        android:name="com.example.fester.DYNAMIC_RECEIVER_NOT_EXPORTED_PERMISSION"
43-->[androidx.core:core:1.13.1] AndroidManifest.xml:23:9-81
44        android:protectionLevel="signature" />
44-->[androidx.core:core:1.13.1] AndroidManifest.xml:24:9-44
45
46    <uses-permission android:name="com.example.fester.DYNAMIC_RECEIVER_NOT_EXPORTED_PERMISSION" />
46-->[androidx.core:core:1.13.1] AndroidManifest.xml:26:5-97
46-->[androidx.core:core:1.13.1] AndroidManifest.xml:26:22-94
47
48    <application
49        android:name="android.app.Application"
49-->src\main\AndroidManifest.xml:4:9-42
50        android:appComponentFactory="androidx.core.app.CoreComponentFactory"
50-->[androidx.core:core:1.13.1] AndroidManifest.xml:28:18-86
51        android:extractNativeLibs="true"
52        android:icon="@mipmap/ic_launcher"
52-->src\main\AndroidManifest.xml:5:9-43
53        android:label="fester" >
53-->src\main\AndroidManifest.xml:3:9-31
54        <activity
54-->src\main\AndroidManifest.xml:6:9-27:20
55            android:name="com.example.fester.MainActivity"
55-->src\main\AndroidManifest.xml:7:13-41
56            android:configChanges="orientation|keyboardHidden|keyboard|screenSize|smallestScreenSize|locale|layoutDirection|fontScale|screenLayout|density|uiMode"
56-->src\main\AndroidManifest.xml:12:13-163
57            android:exported="true"
57-->src\main\AndroidManifest.xml:8:13-36
58            android:hardwareAccelerated="true"
58-->src\main\AndroidManifest.xml:13:13-47
59            android:launchMode="singleTop"
59-->src\main\AndroidManifest.xml:9:13-43
60            android:taskAffinity=""
60-->src\main\AndroidManifest.xml:10:13-36
61            android:theme="@style/LaunchTheme"
61-->src\main\AndroidManifest.xml:11:13-47
62            android:windowSoftInputMode="adjustResize" >
62-->src\main\AndroidManifest.xml:14:13-55
63
64            <!--
65                 Specifies an Android theme to apply to this Activity as soon as
66                 the Android process has started. This theme is visible to the user
67                 while the Flutter UI initializes. After that, this theme continues
68                 to determine the Window background behind the Flutter UI.
69            -->
70            <meta-data
70-->src\main\AndroidManifest.xml:19:13-22:17
71                android:name="io.flutter.embedding.android.NormalTheme"
71-->src\main\AndroidManifest.xml:20:15-70
72                android:resource="@style/NormalTheme" />
72-->src\main\AndroidManifest.xml:21:15-52
73
74            <intent-filter>
74-->src\main\AndroidManifest.xml:23:13-26:29
75                <action android:name="android.intent.action.MAIN" />
75-->src\main\AndroidManifest.xml:24:17-68
75-->src\main\AndroidManifest.xml:24:25-66
76
77                <category android:name="android.intent.category.LAUNCHER" />
77-->src\main\AndroidManifest.xml:25:17-76
77-->src\main\AndroidManifest.xml:25:27-74
78            </intent-filter>
79        </activity>
80        <!--
81             Don't delete the meta-data below.
82             This is used by the Flutter tool to generate GeneratedPluginRegistrant.java
83        -->
84        <meta-data
84-->src\main\AndroidManifest.xml:30:9-32:33
85            android:name="flutterEmbedding"
85-->src\main\AndroidManifest.xml:31:13-44
86            android:value="2" />
86-->src\main\AndroidManifest.xml:32:13-30
87
88        <service
88-->[:geolocator_android] AndroidManifest.xml:8:9-12:56
89            android:name="com.baseflow.geolocator.GeolocatorLocationService"
89-->[:geolocator_android] AndroidManifest.xml:9:13-77
90            android:enabled="true"
90-->[:geolocator_android] AndroidManifest.xml:10:13-35
91            android:exported="false"
91-->[:geolocator_android] AndroidManifest.xml:11:13-37
92            android:foregroundServiceType="location" />
92-->[:geolocator_android] AndroidManifest.xml:12:13-53
93
94        <provider
94-->[:image_picker_android] AndroidManifest.xml:9:9-17:20
95            android:name="io.flutter.plugins.imagepicker.ImagePickerFileProvider"
95-->[:image_picker_android] AndroidManifest.xml:10:13-82
96            android:authorities="com.example.fester.flutter.image_provider"
96-->[:image_picker_android] AndroidManifest.xml:11:13-74
97            android:exported="false"
97-->[:image_picker_android] AndroidManifest.xml:12:13-37
98            android:grantUriPermissions="true" >
98-->[:image_picker_android] AndroidManifest.xml:13:13-47
99            <meta-data
99-->[:image_picker_android] AndroidManifest.xml:14:13-16:75
100                android:name="android.support.FILE_PROVIDER_PATHS"
100-->[:image_picker_android] AndroidManifest.xml:15:17-67
101                android:resource="@xml/flutter_image_picker_file_paths" />
101-->[:image_picker_android] AndroidManifest.xml:16:17-72
102        </provider> <!-- Trigger Google Play services to install the backported photo picker module. -->
103        <service
103-->[:image_picker_android] AndroidManifest.xml:19:9-31:19
104            android:name="com.google.android.gms.metadata.ModuleDependencies"
104-->[:image_picker_android] AndroidManifest.xml:20:13-78
105            android:enabled="false"
105-->[:image_picker_android] AndroidManifest.xml:21:13-36
106            android:exported="false" >
106-->[:image_picker_android] AndroidManifest.xml:22:13-37
107            <intent-filter>
107-->[:image_picker_android] AndroidManifest.xml:24:13-26:29
108                <action android:name="com.google.android.gms.metadata.MODULE_DEPENDENCIES" />
108-->[:image_picker_android] AndroidManifest.xml:25:17-94
108-->[:image_picker_android] AndroidManifest.xml:25:25-91
109            </intent-filter>
110
111            <meta-data
111-->[:image_picker_android] AndroidManifest.xml:28:13-30:36
112                android:name="photopicker_activity:0:required"
112-->[:image_picker_android] AndroidManifest.xml:29:17-63
113                android:value="" />
113-->[:image_picker_android] AndroidManifest.xml:30:17-33
114        </service>
115
116        <provider
116-->[:printing] AndroidManifest.xml:8:9-16:20
117            android:name="net.nfet.flutter.printing.PrintFileProvider"
117-->[:printing] AndroidManifest.xml:9:13-71
118            android:authorities="com.example.fester.flutter.printing"
118-->[:printing] AndroidManifest.xml:10:13-68
119            android:exported="false"
119-->[:printing] AndroidManifest.xml:11:13-37
120            android:grantUriPermissions="true" >
120-->[:printing] AndroidManifest.xml:12:13-47
121            <meta-data
121-->[:image_picker_android] AndroidManifest.xml:14:13-16:75
122                android:name="android.support.FILE_PROVIDER_PATHS"
122-->[:image_picker_android] AndroidManifest.xml:15:17-67
123                android:resource="@xml/flutter_printing_file_paths" />
123-->[:image_picker_android] AndroidManifest.xml:16:17-72
124        </provider>
125        <!--
126           Declares a provider which allows us to store files to share in
127           '.../caches/share_plus' and grant the receiving action access
128        -->
129        <provider
129-->[:share_plus] AndroidManifest.xml:13:9-21:20
130            android:name="dev.fluttercommunity.plus.share.ShareFileProvider"
130-->[:share_plus] AndroidManifest.xml:14:13-77
131            android:authorities="com.example.fester.flutter.share_provider"
131-->[:share_plus] AndroidManifest.xml:15:13-74
132            android:exported="false"
132-->[:share_plus] AndroidManifest.xml:16:13-37
133            android:grantUriPermissions="true" >
133-->[:share_plus] AndroidManifest.xml:17:13-47
134            <meta-data
134-->[:image_picker_android] AndroidManifest.xml:14:13-16:75
135                android:name="android.support.FILE_PROVIDER_PATHS"
135-->[:image_picker_android] AndroidManifest.xml:15:17-67
136                android:resource="@xml/flutter_share_file_paths" />
136-->[:image_picker_android] AndroidManifest.xml:16:17-72
137        </provider>
138        <!--
139           This manifest declared broadcast receiver allows us to use an explicit
140           Intent when creating a PendingItent to be informed of the user's choice
141        -->
142        <receiver
142-->[:share_plus] AndroidManifest.xml:26:9-32:20
143            android:name="dev.fluttercommunity.plus.share.SharePlusPendingIntent"
143-->[:share_plus] AndroidManifest.xml:27:13-82
144            android:exported="false" >
144-->[:share_plus] AndroidManifest.xml:28:13-37
145            <intent-filter>
145-->[:share_plus] AndroidManifest.xml:29:13-31:29
146                <action android:name="EXTRA_CHOSEN_COMPONENT" />
146-->[:share_plus] AndroidManifest.xml:30:17-65
146-->[:share_plus] AndroidManifest.xml:30:25-62
147            </intent-filter>
148        </receiver>
149
150        <activity
150-->[:url_launcher_android] AndroidManifest.xml:8:9-11:74
151            android:name="io.flutter.plugins.urllauncher.WebViewActivity"
151-->[:url_launcher_android] AndroidManifest.xml:9:13-74
152            android:exported="false"
152-->[:url_launcher_android] AndroidManifest.xml:10:13-37
153            android:theme="@android:style/Theme.NoTitleBar.Fullscreen" /> <!-- Needs to be explicitly declared on P+ -->
153-->[:url_launcher_android] AndroidManifest.xml:11:13-71
154        <uses-library
154-->[com.google.android.gms:play-services-maps:19.2.0] AndroidManifest.xml:33:7-86
155            android:name="org.apache.http.legacy"
155-->[com.google.android.gms:play-services-maps:19.2.0] AndroidManifest.xml:33:21-58
156            android:required="false" />
156-->[com.google.android.gms:play-services-maps:19.2.0] AndroidManifest.xml:33:59-83
157
158        <service
158-->[com.google.android.gms:play-services-mlkit-barcode-scanning:18.3.0] AndroidManifest.xml:9:9-15:19
159            android:name="com.google.mlkit.common.internal.MlKitComponentDiscoveryService"
159-->[com.google.android.gms:play-services-mlkit-barcode-scanning:18.3.0] AndroidManifest.xml:10:13-91
160            android:directBootAware="true"
160-->[com.google.mlkit:common:18.9.0] AndroidManifest.xml:17:13-43
161            android:exported="false" >
161-->[com.google.android.gms:play-services-mlkit-barcode-scanning:18.3.0] AndroidManifest.xml:11:13-37
162            <meta-data
162-->[com.google.android.gms:play-services-mlkit-barcode-scanning:18.3.0] AndroidManifest.xml:12:13-14:85
163                android:name="com.google.firebase.components:com.google.mlkit.vision.barcode.internal.BarcodeRegistrar"
163-->[com.google.android.gms:play-services-mlkit-barcode-scanning:18.3.0] AndroidManifest.xml:13:17-120
164                android:value="com.google.firebase.components.ComponentRegistrar" />
164-->[com.google.android.gms:play-services-mlkit-barcode-scanning:18.3.0] AndroidManifest.xml:14:17-82
165            <meta-data
165-->[com.google.mlkit:vision-common:17.3.0] AndroidManifest.xml:12:13-14:85
166                android:name="com.google.firebase.components:com.google.mlkit.vision.common.internal.VisionCommonRegistrar"
166-->[com.google.mlkit:vision-common:17.3.0] AndroidManifest.xml:13:17-124
167                android:value="com.google.firebase.components.ComponentRegistrar" />
167-->[com.google.mlkit:vision-common:17.3.0] AndroidManifest.xml:14:17-82
168            <meta-data
168-->[com.google.mlkit:common:18.9.0] AndroidManifest.xml:20:13-22:85
169                android:name="com.google.firebase.components:com.google.mlkit.common.internal.CommonComponentRegistrar"
169-->[com.google.mlkit:common:18.9.0] AndroidManifest.xml:21:17-120
170                android:value="com.google.firebase.components.ComponentRegistrar" />
170-->[com.google.mlkit:common:18.9.0] AndroidManifest.xml:22:17-82
171        </service>
172
173        <provider
173-->[com.google.mlkit:common:18.9.0] AndroidManifest.xml:9:9-13:38
174            android:name="com.google.mlkit.common.internal.MlKitInitProvider"
174-->[com.google.mlkit:common:18.9.0] AndroidManifest.xml:10:13-78
175            android:authorities="com.example.fester.mlkitinitprovider"
175-->[com.google.mlkit:common:18.9.0] AndroidManifest.xml:11:13-69
176            android:exported="false"
176-->[com.google.mlkit:common:18.9.0] AndroidManifest.xml:12:13-37
177            android:initOrder="99" />
177-->[com.google.mlkit:common:18.9.0] AndroidManifest.xml:13:13-35
178
179        <activity
179-->[com.google.android.gms:play-services-base:18.5.0] AndroidManifest.xml:5:9-173
180            android:name="com.google.android.gms.common.api.GoogleApiActivity"
180-->[com.google.android.gms:play-services-base:18.5.0] AndroidManifest.xml:5:19-85
181            android:exported="false"
181-->[com.google.android.gms:play-services-base:18.5.0] AndroidManifest.xml:5:146-170
182            android:theme="@android:style/Theme.Translucent.NoTitleBar" />
182-->[com.google.android.gms:play-services-base:18.5.0] AndroidManifest.xml:5:86-145
183
184        <meta-data
184-->[com.google.android.gms:play-services-basement:18.4.0] AndroidManifest.xml:6:9-122
185            android:name="com.google.android.gms.version"
185-->[com.google.android.gms:play-services-basement:18.4.0] AndroidManifest.xml:6:20-65
186            android:value="@integer/google_play_services_version" />
186-->[com.google.android.gms:play-services-basement:18.4.0] AndroidManifest.xml:6:66-119
187        <!--
188        Service for holding metadata. Cannot be instantiated.
189        Metadata will be merged from other manifests.
190        -->
191        <service
191-->[androidx.camera:camera-core:1.3.3] AndroidManifest.xml:29:9-33:78
192            android:name="androidx.camera.core.impl.MetadataHolderService"
192-->[androidx.camera:camera-core:1.3.3] AndroidManifest.xml:30:13-75
193            android:enabled="false"
193-->[androidx.camera:camera-core:1.3.3] AndroidManifest.xml:31:13-36
194            android:exported="false" >
194-->[androidx.camera:camera-core:1.3.3] AndroidManifest.xml:32:13-37
195            <meta-data
195-->[androidx.camera:camera-camera2:1.3.3] AndroidManifest.xml:30:13-32:89
196                android:name="androidx.camera.core.impl.MetadataHolderService.DEFAULT_CONFIG_PROVIDER"
196-->[androidx.camera:camera-camera2:1.3.3] AndroidManifest.xml:31:17-103
197                android:value="androidx.camera.camera2.Camera2Config$DefaultProvider" />
197-->[androidx.camera:camera-camera2:1.3.3] AndroidManifest.xml:32:17-86
198        </service>
199
200        <uses-library
200-->[androidx.window:window:1.2.0] AndroidManifest.xml:23:9-25:40
201            android:name="androidx.window.extensions"
201-->[androidx.window:window:1.2.0] AndroidManifest.xml:24:13-54
202            android:required="false" />
202-->[androidx.window:window:1.2.0] AndroidManifest.xml:25:13-37
203        <uses-library
203-->[androidx.window:window:1.2.0] AndroidManifest.xml:26:9-28:40
204            android:name="androidx.window.sidecar"
204-->[androidx.window:window:1.2.0] AndroidManifest.xml:27:13-51
205            android:required="false" />
205-->[androidx.window:window:1.2.0] AndroidManifest.xml:28:13-37
206
207        <provider
207-->[androidx.lifecycle:lifecycle-process:2.7.0] AndroidManifest.xml:24:9-32:20
208            android:name="androidx.startup.InitializationProvider"
208-->[androidx.lifecycle:lifecycle-process:2.7.0] AndroidManifest.xml:25:13-67
209            android:authorities="com.example.fester.androidx-startup"
209-->[androidx.lifecycle:lifecycle-process:2.7.0] AndroidManifest.xml:26:13-68
210            android:exported="false" >
210-->[androidx.lifecycle:lifecycle-process:2.7.0] AndroidManifest.xml:27:13-37
211            <meta-data
211-->[androidx.lifecycle:lifecycle-process:2.7.0] AndroidManifest.xml:29:13-31:52
212                android:name="androidx.lifecycle.ProcessLifecycleInitializer"
212-->[androidx.lifecycle:lifecycle-process:2.7.0] AndroidManifest.xml:30:17-78
213                android:value="androidx.startup" />
213-->[androidx.lifecycle:lifecycle-process:2.7.0] AndroidManifest.xml:31:17-49
214            <meta-data
214-->[androidx.profileinstaller:profileinstaller:1.4.0] AndroidManifest.xml:29:13-31:52
215                android:name="androidx.profileinstaller.ProfileInstallerInitializer"
215-->[androidx.profileinstaller:profileinstaller:1.4.0] AndroidManifest.xml:30:17-85
216                android:value="androidx.startup" />
216-->[androidx.profileinstaller:profileinstaller:1.4.0] AndroidManifest.xml:31:17-49
217        </provider>
218
219        <receiver
219-->[androidx.profileinstaller:profileinstaller:1.4.0] AndroidManifest.xml:34:9-52:20
220            android:name="androidx.profileinstaller.ProfileInstallReceiver"
220-->[androidx.profileinstaller:profileinstaller:1.4.0] AndroidManifest.xml:35:13-76
221            android:directBootAware="false"
221-->[androidx.profileinstaller:profileinstaller:1.4.0] AndroidManifest.xml:36:13-44
222            android:enabled="true"
222-->[androidx.profileinstaller:profileinstaller:1.4.0] AndroidManifest.xml:37:13-35
223            android:exported="true"
223-->[androidx.profileinstaller:profileinstaller:1.4.0] AndroidManifest.xml:38:13-36
224            android:permission="android.permission.DUMP" >
224-->[androidx.profileinstaller:profileinstaller:1.4.0] AndroidManifest.xml:39:13-57
225            <intent-filter>
225-->[androidx.profileinstaller:profileinstaller:1.4.0] AndroidManifest.xml:40:13-42:29
226                <action android:name="androidx.profileinstaller.action.INSTALL_PROFILE" />
226-->[androidx.profileinstaller:profileinstaller:1.4.0] AndroidManifest.xml:41:17-91
226-->[androidx.profileinstaller:profileinstaller:1.4.0] AndroidManifest.xml:41:25-88
227            </intent-filter>
228            <intent-filter>
228-->[androidx.profileinstaller:profileinstaller:1.4.0] AndroidManifest.xml:43:13-45:29
229                <action android:name="androidx.profileinstaller.action.SKIP_FILE" />
229-->[androidx.profileinstaller:profileinstaller:1.4.0] AndroidManifest.xml:44:17-85
229-->[androidx.profileinstaller:profileinstaller:1.4.0] AndroidManifest.xml:44:25-82
230            </intent-filter>
231            <intent-filter>
231-->[androidx.profileinstaller:profileinstaller:1.4.0] AndroidManifest.xml:46:13-48:29
232                <action android:name="androidx.profileinstaller.action.SAVE_PROFILE" />
232-->[androidx.profileinstaller:profileinstaller:1.4.0] AndroidManifest.xml:47:17-88
232-->[androidx.profileinstaller:profileinstaller:1.4.0] AndroidManifest.xml:47:25-85
233            </intent-filter>
234            <intent-filter>
234-->[androidx.profileinstaller:profileinstaller:1.4.0] AndroidManifest.xml:49:13-51:29
235                <action android:name="androidx.profileinstaller.action.BENCHMARK_OPERATION" />
235-->[androidx.profileinstaller:profileinstaller:1.4.0] AndroidManifest.xml:50:17-95
235-->[androidx.profileinstaller:profileinstaller:1.4.0] AndroidManifest.xml:50:25-92
236            </intent-filter>
237        </receiver>
238
239        <service
239-->[com.google.android.datatransport:transport-backend-cct:2.3.3] AndroidManifest.xml:29:9-35:19
240            android:name="com.google.android.datatransport.runtime.backends.TransportBackendDiscovery"
240-->[com.google.android.datatransport:transport-backend-cct:2.3.3] AndroidManifest.xml:30:13-103
241            android:exported="false" >
241-->[com.google.android.datatransport:transport-backend-cct:2.3.3] AndroidManifest.xml:31:13-37
242            <meta-data
242-->[com.google.android.datatransport:transport-backend-cct:2.3.3] AndroidManifest.xml:32:13-34:39
243                android:name="backend:com.google.android.datatransport.cct.CctBackendFactory"
243-->[com.google.android.datatransport:transport-backend-cct:2.3.3] AndroidManifest.xml:33:17-94
244                android:value="cct" />
244-->[com.google.android.datatransport:transport-backend-cct:2.3.3] AndroidManifest.xml:34:17-36
245        </service>
246        <service
246-->[com.google.android.datatransport:transport-runtime:2.2.6] AndroidManifest.xml:26:9-30:19
247            android:name="com.google.android.datatransport.runtime.scheduling.jobscheduling.JobInfoSchedulerService"
247-->[com.google.android.datatransport:transport-runtime:2.2.6] AndroidManifest.xml:27:13-117
248            android:exported="false"
248-->[com.google.android.datatransport:transport-runtime:2.2.6] AndroidManifest.xml:28:13-37
249            android:permission="android.permission.BIND_JOB_SERVICE" >
249-->[com.google.android.datatransport:transport-runtime:2.2.6] AndroidManifest.xml:29:13-69
250        </service>
251
252        <receiver
252-->[com.google.android.datatransport:transport-runtime:2.2.6] AndroidManifest.xml:32:9-34:40
253            android:name="com.google.android.datatransport.runtime.scheduling.jobscheduling.AlarmManagerSchedulerBroadcastReceiver"
253-->[com.google.android.datatransport:transport-runtime:2.2.6] AndroidManifest.xml:33:13-132
254            android:exported="false" />
254-->[com.google.android.datatransport:transport-runtime:2.2.6] AndroidManifest.xml:34:13-37
255    </application>
256
257</manifest>